[2024-03-26 21:56:01.004] [global] [info] [service.cc:515] [user-agent=lsp-proxy sid=15] RX:virtual grpc::Status trunk::cli::lint::Service::GetLandingState(grpc::ServerContext *, const proto::v1::GetLandingStateRequest *, proto::v1::GetLandingStateResponse *)
[2024-03-26 21:56:01.021] [global] [info] [service.cc:515] [user-agent=lsp-proxy sid=15] TX:virtual grpc::Status trunk::cli::lint::Service::GetLandingState(grpc::ServerContext *, const proto::v1::GetLandingStateRequest *, proto::v1::GetLandingStateResponse *) status=OK
[2024-03-26 21:56:01.025] [global] [info] [service.cc:224] lint session ended sid=15
[2024-03-26 21:56:01.025] [global] [info] [service.cc:226] [user-agent=lsp-proxy sid=15] RX:virtual grpc::Status trunk::cli::lint::Service::End(grpc::ServerContext *, const proto::v1::EndRequest *, proto::v1::EndResponse *)
[2024-03-26 21:56:01.032] [global] [warning] [service.cc:95] LD client failed initialization
[2024-03-26 21:56:01.032] [global] [info] [service.cc:226] [user-agent=lsp-proxy sid=15] TX:virtual grpc::Status trunk::cli::lint::Service::End(grpc::ServerContext *, const proto::v1::EndRequest *, proto::v1::EndResponse *) status=OK
[2024-03-26 21:56:01.032] [global] [info] [service.cc:293] [user-agent=lsp-proxy sid=n/a] RX:virtual grpc::Status trunk::cli::lint::Service::End(grpc::ServerContext *, const proto::v1::EndRequest *, proto::v1::EndResponse *)
[2024-03-26 21:56:01.101] [global] [info] [service.cc:293] [user-agent=lsp-proxy sid=n/a] TX:virtual grpc::Status trunk::cli::lint::Service::End(grpc::ServerContext *, const proto::v1::EndRequest *, proto::v1::EndResponse *) status=OK
[2024-03-26 22:00:22.620] [global] [info] [service.cc:145] [user-agent=lsp-proxy sid=n/a] RX:virtual grpc::Status trunk::cli::lint::Service::Start(grpc::ServerContext *, const proto::v1::StartRequest *, proto::v1::StartResponse *)
[2024-03-26 22:00:22.870] [global] [info] [session_context.cc:139] Making commit info with id: f7a18aba77e2609a45a6cc90629c4291c0a41617
[2024-03-26 22:00:23.145] [global] [info] [service.cc:213] [user-agent=lsp-proxy sid=n/a] lint session created sid=16 with the following options:
cache_enabled: true
num_jobs: 2
session_type: SESSION_TYPE_LSP
client_id: "lsp-proxy"
scope: SESSION_SCOPE_ALL

[2024-03-26 22:00:23.145] [global] [info] [service.cc:145] [user-agent=lsp-proxy sid=n/a] TX:virtual grpc::Status trunk::cli::lint::Service::Start(grpc::ServerContext *, const proto::v1::StartRequest *, proto::v1::StartResponse *) status=OK
[2024-03-26 22:00:23.146] [global] [info] [service.cc:390] [user-agent=lsp-proxy sid=n/a] RX:virtual grpc::Status trunk::cli::lint::Service::GetChangedFiles(grpc::ServerContext *, const proto::v1::GetChangedFilesRequest *, proto::v1::GetChangedFilesResponse *)
[2024-03-26 22:00:23.267] [global] [info] [session_context.cc:139] Making commit info with id: f7a18aba77e2609a45a6cc90629c4291c0a41617
[2024-03-26 22:00:23.493] [global] [info] [service.cc:390] [user-agent=lsp-proxy sid=n/a] TX:virtual grpc::Status trunk::cli::lint::Service::GetChangedFiles(grpc::ServerContext *, const proto::v1::GetChangedFilesRequest *, proto::v1::GetChangedFilesResponse *) status=OK
[2024-03-26 22:00:23.494] [global] [info] [service.cc:360] [user-agent=lsp-proxy sid=16] RX:virtual grpc::Status trunk::cli::lint::Service::Queue(grpc::ServerContext *, const proto::v1::QueueRequest *, proto::v1::QueueResponse *)
[2024-03-26 22:00:23.557] [global] [info] [service.cc:360] [user-agent=lsp-proxy sid=16] TX:virtual grpc::Status trunk::cli::lint::Service::Queue(grpc::ServerContext *, const proto::v1::QueueRequest *, proto::v1::QueueResponse *) status=OK
[2024-03-26 22:00:23.558] [global] [info] [service.cc:458] [user-agent= sid=16] RX:virtual grpc::Status trunk::cli::lint::Service::Lint(grpc::ServerContext *, const proto::v1::LintRequest *, grpc::ServerWriter<proto::v1::LintResponse> *)
[2024-03-26 22:00:23.608] [global] [info] [cache.cc:972] [on-demand] [git-diff-check:lint:index.html:HEAD] not cacheable, running linter
[2024-03-26 22:00:23.608] [global] [info] [cache.cc:972] [on-demand] [git-diff-check:lint:other_main_pages\about.html:HEAD] not cacheable, running linter
[2024-03-26 22:00:23.608] [global] [info] [cache.cc:972] [on-demand] [git-diff-check:lint:index.html:upstream] not cacheable, running linter
[2024-03-26 22:00:23.608] [global] [info] [cache.cc:972] [on-demand] [git-diff-check:lint:other_main_pages\about.html:upstream] not cacheable, running linter
[2024-03-26 22:00:23.611] [global] [info] [runner.cc:102] Writing git-diff-check predecessor error to C:\Users\admin\Desktop\INTERIOR_DESIGN_WEBSITE\.trunk\out\TVoKr.yaml
[2024-03-26 22:00:23.613] [global] [info] [runner.cc:102] Writing git-diff-check predecessor error to C:\Users\admin\Desktop\INTERIOR_DESIGN_WEBSITE\.trunk\out\Caglh.yaml
[2024-03-26 22:00:23.625] [global] [info] [cache.cc:972] [on-demand] [trufflehog:lint:index.html:HEAD] not cacheable, running linter
[2024-03-26 22:00:23.625] [global] [info] [cache.cc:972] [on-demand] [trufflehog:lint:other_main_pages\about.html:HEAD] not cacheable, running linter
[2024-03-26 22:00:23.633] [global] [info] [runner.cc:102] Writing prettier predecessor error to C:\Users\admin\Desktop\INTERIOR_DESIGN_WEBSITE\.trunk\out\4SRZy.yaml
[2024-03-26 22:00:23.635] [global] [info] [cache.cc:972] [on-demand] [trufflehog:lint:index.html:upstream] not cacheable, running linter
[2024-03-26 22:00:23.635] [global] [info] [cache.cc:972] [on-demand] [trufflehog:lint:other_main_pages\about.html:upstream] not cacheable, running linter
[2024-03-26 22:00:26.986] [global] [info] [cache.cc:972] [on-demand] [trufflehog:lint:index.html:HEAD] not cacheable, running linter
[2024-03-26 22:00:28.737] [global] [info] [service.cc:224] lint session ended sid=3
[2024-03-26 22:00:28.737] [global] [info] [service.cc:226] [user-agent=lsp-proxy sid=3] RX:virtual grpc::Status trunk::cli::lint::Service::End(grpc::ServerContext *, const proto::v1::EndRequest *, proto::v1::EndResponse *)
[2024-03-26 22:00:28.738] [global] [info] [app_context.cc:392] TryGetTrunkConfigPb failed
[2024-03-26 22:00:28.743] [global] [warning] [service.cc:95] LD client failed initialization
[2024-03-26 22:00:28.743] [global] [info] [service.cc:226] [user-agent=lsp-proxy sid=3] TX:virtual grpc::Status trunk::cli::lint::Service::End(grpc::ServerContext *, const proto::v1::EndRequest *, proto::v1::EndResponse *) status=OK
[2024-03-26 22:00:28.743] [global] [info] [service.cc:293] [user-agent=lsp-proxy sid=n/a] RX:virtual grpc::Status trunk::cli::lint::Service::End(grpc::ServerContext *, const proto::v1::EndRequest *, proto::v1::EndResponse *)
[2024-03-26 22:00:28.750] [global] [info] [service.cc:293] [user-agent=lsp-proxy sid=n/a] TX:virtual grpc::Status trunk::cli::lint::Service::End(grpc::ServerContext *, const proto::v1::EndRequest *, proto::v1::EndResponse *) status=OK
[2024-03-26 22:00:28.750] [global] [info] [service.cc:224] lint session ended sid=4
[2024-03-26 22:00:28.750] [global] [info] [service.cc:226] [user-agent=lsp-proxy sid=4] RX:virtual grpc::Status trunk::cli::lint::Service::End(grpc::ServerContext *, const proto::v1::EndRequest *, proto::v1::EndResponse *)
[2024-03-26 22:00:28.750] [global] [info] [app_context.cc:392] TryGetTrunkConfigPb failed
[2024-03-26 22:00:28.752] [global] [warning] [service.cc:95] LD client failed initialization
[2024-03-26 22:00:28.752] [global] [info] [service.cc:226] [user-agent=lsp-proxy sid=4] TX:virtual grpc::Status trunk::cli::lint::Service::End(grpc::ServerContext *, const proto::v1::EndRequest *, proto::v1::EndResponse *) status=OK
[2024-03-26 22:00:28.752] [global] [info] [service.cc:293] [user-agent=lsp-proxy sid=n/a] RX:virtual grpc::Status trunk::cli::lint::Service::End(grpc::ServerContext *, const proto::v1::EndRequest *, proto::v1::EndResponse *)
[2024-03-26 22:00:28.757] [global] [info] [service.cc:293] [user-agent=lsp-proxy sid=n/a] TX:virtual grpc::Status trunk::cli::lint::Service::End(grpc::ServerContext *, const proto::v1::EndRequest *, proto::v1::EndResponse *) status=OK
[2024-03-26 22:00:28.844] [global] [info] [cache.cc:972] [on-demand] [trufflehog:lint:index.html:upstream] not cacheable, running linter
[2024-03-26 22:00:29.092] [global] [info] [service.cc:106] CLI version change; do not run file-triggered actions
[2024-03-26 22:00:29.097] [global] [info] [service.cc:36] CLI version change; do not update tools
[2024-03-26 22:00:29.141] [global] [info] [grpc.cc:29] TX:virtual grpc::Status trunk::cli::actions::Service::GetNotificationsStream(grpc::ServerContext *, const proto::v1::GetNotificationsStreamRequest *, grpc::ServerWriter<proto::v1::GetNotificationsStreamResponse> *) status=OK
[2024-03-26 22:00:31.319] [global] [info] [app_context.cc:392] TryGetTrunkConfigPb failed
[2024-03-26 22:00:31.320] [global] [info] [app_context.cc:392] TryGetTrunkConfigPb failed
[2024-03-26 22:00:31.321] [global] [info] [app_context.cc:392] TryGetTrunkConfigPb failed
[2024-03-26 22:00:31.587] [global] [info] [app_context.cc:392] TryGetTrunkConfigPb failed
[2024-03-26 22:00:31.603] [global] [info] [app_context.cc:392] TryGetTrunkConfigPb failed
[2024-03-26 22:00:31.603] [global] [info] [app_context.cc:392] TryGetTrunkConfigPb failed
[2024-03-26 22:00:31.604] [global] [info] [app_context.cc:392] TryGetTrunkConfigPb failed
[2024-03-26 22:00:31.606] [global] [info] [app_context.cc:392] TryGetTrunkConfigPb failed
[2024-03-26 22:00:32.601] [global] [info] [cache.cc:972] [on-demand] [trufflehog:lint:other_main_pages\about.html:HEAD] not cacheable, running linter
[2024-03-26 22:00:34.064] [global] [info] [runner.cc:102] Writing trufflehog predecessor error to C:\Users\admin\Desktop\INTERIOR_DESIGN_WEBSITE\.trunk\out\RKWah.yaml
[2024-03-26 22:00:34.064] [global] [info] [cache.cc:972] [on-demand] [trufflehog:lint:other_main_pages\about.html:upstream] not cacheable, running linter
[2024-03-26 22:00:36.719] [global] [info] [app_context.cc:392] TryGetTrunkConfigPb failed
[2024-03-26 22:00:36.719] [global] [info] [app_context.cc:392] TryGetTrunkConfigPb failed
[2024-03-26 22:00:36.720] [global] [info] [app_context.cc:392] TryGetTrunkConfigPb failed
[2024-03-26 22:00:36.721] [global] [info] [app_context.cc:392] TryGetTrunkConfigPb failed
[2024-03-26 22:00:38.468] [global] [info] [app_context.cc:392] TryGetTrunkConfigPb failed
[2024-03-26 22:00:38.468] [global] [info] [app_context.cc:392] TryGetTrunkConfigPb failed
[2024-03-26 22:00:38.469] [global] [info] [app_context.cc:392] TryGetTrunkConfigPb failed
[2024-03-26 22:00:38.470] [global] [info] [app_context.cc:392] TryGetTrunkConfigPb failed
[2024-03-26 22:00:40.452] [global] [info] [runner.cc:102] Writing git-diff-check predecessor error to C:\Users\admin\Desktop\INTERIOR_DESIGN_WEBSITE\.trunk\out\WXVaS.yaml
[2024-03-26 22:00:40.454] [global] [info] [runner.cc:102] Writing git-diff-check predecessor error to C:\Users\admin\Desktop\INTERIOR_DESIGN_WEBSITE\.trunk\out\94JkH.yaml
[2024-03-26 22:00:40.457] [global] [info] [runner.cc:102] Writing trufflehog predecessor error to C:\Users\admin\Desktop\INTERIOR_DESIGN_WEBSITE\.trunk\out\CPMyz.yaml
[2024-03-26 22:00:40.459] [global] [info] [runner.cc:102] Writing prettier predecessor error to C:\Users\admin\Desktop\INTERIOR_DESIGN_WEBSITE\.trunk\out\A8Bpm.yaml
[2024-03-26 22:00:40.656] [global] [info] [service.cc:458] [user-agent= sid=16] TX:virtual grpc::Status trunk::cli::lint::Service::Lint(grpc::ServerContext *, const proto::v1::LintRequest *, grpc::ServerWriter<proto::v1::LintResponse> *) status=OK
[2024-03-26 22:00:40.658] [global] [info] [service.cc:515] [user-agent=lsp-proxy sid=16] RX:virtual grpc::Status trunk::cli::lint::Service::GetLandingState(grpc::ServerContext *, const proto::v1::GetLandingStateRequest *, proto::v1::GetLandingStateResponse *)
[2024-03-26 22:00:40.658] [global] [info] [sentry.cc:362] Trunk user error full stack:
trunk_cli_version: 1.20.1
title: Something went wrong (but it doesn't appear to be our fault)
report:
  - Trunk is not set up in this context. Cannot load config.
[2024-03-26 22:00:40.659] [global] [info] [service.cc:515] [user-agent=lsp-proxy sid=16] TX:virtual grpc::Status trunk::cli::lint::Service::GetLandingState(grpc::ServerContext *, const proto::v1::GetLandingStateRequest *, proto::v1::GetLandingStateResponse *) status=INTERNAL err='Trunk is not set up in this context. Cannot load config.'
[2024-03-26 22:00:40.671] [global] [info] [service.cc:224] lint session ended sid=16
[2024-03-26 22:00:40.671] [global] [info] [service.cc:226] [user-agent=lsp-proxy sid=16] RX:virtual grpc::Status trunk::cli::lint::Service::End(grpc::ServerContext *, const proto::v1::EndRequest *, proto::v1::EndResponse *)
[2024-03-26 22:00:40.671] [global] [info] [app_context.cc:392] TryGetTrunkConfigPb failed
[2024-03-26 22:00:40.674] [global] [warning] [service.cc:95] LD client failed initialization
[2024-03-26 22:00:40.674] [global] [info] [service.cc:226] [user-agent=lsp-proxy sid=16] TX:virtual grpc::Status trunk::cli::lint::Service::End(grpc::ServerContext *, const proto::v1::EndRequest *, proto::v1::EndResponse *) status=OK
[2024-03-26 22:00:40.675] [global] [info] [service.cc:293] [user-agent=lsp-proxy sid=n/a] RX:virtual grpc::Status trunk::cli::lint::Service::End(grpc::ServerContext *, const proto::v1::EndRequest *, proto::v1::EndResponse *)
[2024-03-26 22:00:40.718] [global] [info] [service.cc:293] [user-agent=lsp-proxy sid=n/a] TX:virtual grpc::Status trunk::cli::lint::Service::End(grpc::ServerContext *, const proto::v1::EndRequest *, proto::v1::EndResponse *) status=OK
[2024-03-26 22:00:40.722] [global] [info] [service.cc:224] lint session ended sid=2
[2024-03-26 22:00:40.722] [global] [info] [service.cc:226] [user-agent=lsp-proxy sid=2] RX:virtual grpc::Status trunk::cli::lint::Service::End(grpc::ServerContext *, const proto::v1::EndRequest *, proto::v1::EndResponse *)
[2024-03-26 22:00:40.723] [global] [info] [app_context.cc:392] TryGetTrunkConfigPb failed
[2024-03-26 22:00:40.725] [global] [warning] [service.cc:95] LD client failed initialization
[2024-03-26 22:00:40.725] [global] [info] [service.cc:226] [user-agent=lsp-proxy sid=2] TX:virtual grpc::Status trunk::cli::lint::Service::End(grpc::ServerContext *, const proto::v1::EndRequest *, proto::v1::EndResponse *) status=OK
[2024-03-26 22:00:40.725] [global] [info] [service.cc:293] [user-agent=lsp-proxy sid=n/a] RX:virtual grpc::Status trunk::cli::lint::Service::End(grpc::ServerContext *, const proto::v1::EndRequest *, proto::v1::EndResponse *)
[2024-03-26 22:00:40.740] [global] [info] [service.cc:293] [user-agent=lsp-proxy sid=n/a] TX:virtual grpc::Status trunk::cli::lint::Service::End(grpc::ServerContext *, const proto::v1::EndRequest *, proto::v1::EndResponse *) status=OK
[2024-03-26 22:00:40.747] [global] [info] [service.cc:224] lint session ended sid=1
[2024-03-26 22:00:40.748] [global] [info] [service.cc:226] [user-agent=lsp-proxy sid=1] RX:virtual grpc::Status trunk::cli::lint::Service::End(grpc::ServerContext *, const proto::v1::EndRequest *, proto::v1::EndResponse *)
[2024-03-26 22:00:40.748] [global] [info] [app_context.cc:392] TryGetTrunkConfigPb failed
[2024-03-26 22:00:40.750] [global] [warning] [service.cc:95] LD client failed initialization
[2024-03-26 22:00:40.750] [global] [info] [service.cc:226] [user-agent=lsp-proxy sid=1] TX:virtual grpc::Status trunk::cli::lint::Service::End(grpc::ServerContext *, const proto::v1::EndRequest *, proto::v1::EndResponse *) status=OK
[2024-03-26 22:00:40.750] [global] [info] [service.cc:293] [user-agent=lsp-proxy sid=n/a] RX:virtual grpc::Status trunk::cli::lint::Service::End(grpc::ServerContext *, const proto::v1::EndRequest *, proto::v1::EndResponse *)
[2024-03-26 22:00:40.764] [global] [info] [service.cc:293] [user-agent=lsp-proxy sid=n/a] TX:virtual grpc::Status trunk::cli::lint::Service::End(grpc::ServerContext *, const proto::v1::EndRequest *, proto::v1::EndResponse *) status=OK
[2024-03-26 22:00:49.844] [global] [info] [app_context.cc:392] TryGetTrunkConfigPb failed
[2024-03-26 22:00:49.844] [global] [info] [app_context.cc:392] TryGetTrunkConfigPb failed
[2024-03-26 22:00:49.846] [global] [info] [app_context.cc:392] TryGetTrunkConfigPb failed
[2024-03-26 22:00:49.848] [global] [info] [app_context.cc:392] TryGetTrunkConfigPb failed
[2024-03-26 22:00:54.334] [global] [info] [app_context.cc:392] TryGetTrunkConfigPb failed
[2024-03-26 22:00:54.335] [global] [info] [app_context.cc:392] TryGetTrunkConfigPb failed
[2024-03-26 22:00:54.336] [global] [info] [app_context.cc:392] TryGetTrunkConfigPb failed
[2024-03-26 22:00:54.337] [global] [info] [app_context.cc:392] TryGetTrunkConfigPb failed
[2024-03-26 22:00:58.768] [global] [info] [app_context.cc:392] TryGetTrunkConfigPb failed
[2024-03-26 22:00:58.769] [global] [info] [app_context.cc:392] TryGetTrunkConfigPb failed
[2024-03-26 22:00:58.772] [global] [info] [app_context.cc:392] TryGetTrunkConfigPb failed
[2024-03-26 22:00:58.775] [global] [info] [app_context.cc:392] TryGetTrunkConfigPb failed
[2024-03-26 22:01:00.571] [global] [info] [app_context.cc:392] TryGetTrunkConfigPb failed
[2024-03-26 22:01:00.571] [global] [info] [app_context.cc:392] TryGetTrunkConfigPb failed
[2024-03-26 22:01:00.573] [global] [info] [app_context.cc:392] TryGetTrunkConfigPb failed
[2024-03-26 22:01:00.576] [global] [info] [app_context.cc:392] TryGetTrunkConfigPb failed
[2024-03-26 22:01:15.867] [global] [info] [app_context.cc:392] TryGetTrunkConfigPb failed
[2024-03-26 22:01:15.867] [global] [info] [app_context.cc:392] TryGetTrunkConfigPb failed
[2024-03-26 22:01:15.868] [global] [info] [app_context.cc:392] TryGetTrunkConfigPb failed
[2024-03-26 22:01:15.870] [global] [info] [app_context.cc:392] TryGetTrunkConfigPb failed
[2024-03-26 22:01:16.442] [global] [info] [app_context.cc:392] TryGetTrunkConfigPb failed
[2024-03-26 22:01:16.442] [global] [info] [app_context.cc:392] TryGetTrunkConfigPb failed
[2024-03-26 22:01:16.443] [global] [info] [app_context.cc:392] TryGetTrunkConfigPb failed
[2024-03-26 22:01:16.444] [global] [info] [app_context.cc:392] TryGetTrunkConfigPb failed
[2024-03-26 22:01:17.849] [global] [info] [app_context.cc:392] TryGetTrunkConfigPb failed
[2024-03-26 22:01:17.850] [global] [info] [app_context.cc:392] TryGetTrunkConfigPb failed
[2024-03-26 22:01:17.852] [global] [info] [app_context.cc:392] TryGetTrunkConfigPb failed
[2024-03-26 22:01:17.854] [global] [info] [app_context.cc:392] TryGetTrunkConfigPb failed
[2024-03-26 22:01:59.312] [global] [info] [app_context.cc:392] TryGetTrunkConfigPb failed
[2024-03-26 22:01:59.312] [global] [info] [app_context.cc:392] TryGetTrunkConfigPb failed
[2024-03-26 22:01:59.315] [global] [info] [app_context.cc:392] TryGetTrunkConfigPb failed
[2024-03-26 22:01:59.318] [global] [info] [app_context.cc:392] TryGetTrunkConfigPb failed
[2024-03-26 22:02:01.181] [global] [info] [app_context.cc:392] TryGetTrunkConfigPb failed
[2024-03-26 22:02:01.181] [global] [info] [app_context.cc:392] TryGetTrunkConfigPb failed
[2024-03-26 22:02:01.185] [global] [info] [app_context.cc:392] TryGetTrunkConfigPb failed
[2024-03-26 22:02:01.188] [global] [info] [app_context.cc:392] TryGetTrunkConfigPb failed
[2024-03-26 22:02:02.365] [global] [info] [app_context.cc:392] TryGetTrunkConfigPb failed
[2024-03-26 22:02:02.365] [global] [info] [app_context.cc:392] TryGetTrunkConfigPb failed
[2024-03-26 22:02:02.368] [global] [info] [app_context.cc:392] TryGetTrunkConfigPb failed
[2024-03-26 22:02:02.370] [global] [info] [app_context.cc:392] TryGetTrunkConfigPb failed
[2024-03-26 22:02:05.535] [global] [info] [app_context.cc:392] TryGetTrunkConfigPb failed
[2024-03-26 22:02:05.535] [global] [info] [app_context.cc:392] TryGetTrunkConfigPb failed
[2024-03-26 22:02:05.536] [global] [info] [app_context.cc:392] TryGetTrunkConfigPb failed
[2024-03-26 22:02:05.537] [global] [info] [app_context.cc:392] TryGetTrunkConfigPb failed
[2024-03-26 22:02:06.528] [global] [info] [app_context.cc:392] TryGetTrunkConfigPb failed
[2024-03-26 22:02:06.529] [global] [info] [app_context.cc:392] TryGetTrunkConfigPb failed
[2024-03-26 22:02:06.530] [global] [info] [app_context.cc:392] TryGetTrunkConfigPb failed
[2024-03-26 22:02:06.532] [global] [info] [app_context.cc:392] TryGetTrunkConfigPb failed
[2024-03-26 22:02:07.211] [global] [info] [app_context.cc:392] TryGetTrunkConfigPb failed
[2024-03-26 22:02:07.211] [global] [info] [app_context.cc:392] TryGetTrunkConfigPb failed
[2024-03-26 22:02:07.213] [global] [info] [app_context.cc:392] TryGetTrunkConfigPb failed
[2024-03-26 22:02:07.216] [global] [info] [app_context.cc:392] TryGetTrunkConfigPb failed
[2024-03-26 22:02:10.866] [global] [info] [app_context.cc:392] TryGetTrunkConfigPb failed
[2024-03-26 22:02:10.866] [global] [info] [app_context.cc:392] TryGetTrunkConfigPb failed
[2024-03-26 22:02:10.868] [global] [info] [app_context.cc:392] TryGetTrunkConfigPb failed
[2024-03-26 22:02:10.871] [global] [info] [app_context.cc:392] TryGetTrunkConfigPb failed
[2024-03-26 22:02:12.736] [global] [info] [app_context.cc:392] TryGetTrunkConfigPb failed
[2024-03-26 22:02:12.736] [global] [info] [app_context.cc:392] TryGetTrunkConfigPb failed
[2024-03-26 22:02:12.737] [global] [info] [app_context.cc:392] TryGetTrunkConfigPb failed
[2024-03-26 22:02:12.737] [global] [info] [app_context.cc:392] TryGetTrunkConfigPb failed
[2024-03-26 22:02:14.304] [global] [info] [app_context.cc:392] TryGetTrunkConfigPb failed
[2024-03-26 22:02:14.304] [global] [info] [app_context.cc:392] TryGetTrunkConfigPb failed
[2024-03-26 22:02:14.307] [global] [info] [app_context.cc:392] TryGetTrunkConfigPb failed
[2024-03-26 22:02:14.310] [global] [info] [app_context.cc:392] TryGetTrunkConfigPb failed
[2024-03-26 22:02:44.992] [global] [info] [app_context.cc:392] TryGetTrunkConfigPb failed
[2024-03-26 22:02:44.993] [global] [info] [app_context.cc:392] TryGetTrunkConfigPb failed
[2024-03-26 22:02:44.994] [global] [info] [app_context.cc:392] TryGetTrunkConfigPb failed
[2024-03-26 22:02:44.995] [global] [info] [app_context.cc:392] TryGetTrunkConfigPb failed
[2024-03-26 22:02:45.764] [global] [info] [app_context.cc:392] TryGetTrunkConfigPb failed
[2024-03-26 22:02:45.764] [global] [info] [app_context.cc:392] TryGetTrunkConfigPb failed
[2024-03-26 22:02:45.766] [global] [info] [app_context.cc:392] TryGetTrunkConfigPb failed
[2024-03-26 22:02:45.769] [global] [info] [app_context.cc:392] TryGetTrunkConfigPb failed
[2024-03-26 22:02:47.602] [global] [info] [app_context.cc:392] TryGetTrunkConfigPb failed
[2024-03-26 22:02:47.602] [global] [info] [app_context.cc:392] TryGetTrunkConfigPb failed
[2024-03-26 22:02:47.608] [global] [info] [app_context.cc:392] TryGetTrunkConfigPb failed
[2024-03-26 22:02:47.610] [global] [info] [app_context.cc:392] TryGetTrunkConfigPb failed
[2024-03-26 22:03:00.742] [global] [info] [app_context.cc:392] TryGetTrunkConfigPb failed
[2024-03-26 22:03:00.743] [global] [info] [app_context.cc:392] TryGetTrunkConfigPb failed
[2024-03-26 22:03:00.745] [global] [info] [app_context.cc:392] TryGetTrunkConfigPb failed
[2024-03-26 22:03:00.747] [global] [info] [app_context.cc:392] TryGetTrunkConfigPb failed
[2024-03-26 22:03:01.418] [global] [info] [app_context.cc:392] TryGetTrunkConfigPb failed
[2024-03-26 22:03:01.419] [global] [info] [app_context.cc:392] TryGetTrunkConfigPb failed
[2024-03-26 22:03:01.421] [global] [info] [app_context.cc:392] TryGetTrunkConfigPb failed
[2024-03-26 22:03:01.422] [global] [info] [app_context.cc:392] TryGetTrunkConfigPb failed
[2024-03-26 22:03:07.701] [global] [info] [app_context.cc:392] TryGetTrunkConfigPb failed
[2024-03-26 22:03:07.702] [global] [info] [app_context.cc:392] TryGetTrunkConfigPb failed
[2024-03-26 22:03:07.708] [global] [info] [app_context.cc:392] TryGetTrunkConfigPb failed
[2024-03-26 22:03:07.712] [global] [info] [app_context.cc:392] TryGetTrunkConfigPb failed
[2024-03-26 22:29:50.269] [global] [info] [app_context.cc:392] TryGetTrunkConfigPb failed
[2024-03-26 22:29:50.271] [global] [info] [app_context.cc:392] TryGetTrunkConfigPb failed
[2024-03-26 22:29:50.273] [global] [info] [app_context.cc:392] TryGetTrunkConfigPb failed
[2024-03-26 22:29:50.275] [global] [info] [app_context.cc:392] TryGetTrunkConfigPb failed
[2024-03-26 22:29:51.094] [global] [info] [app_context.cc:392] TryGetTrunkConfigPb failed
[2024-03-26 22:29:51.094] [global] [info] [app_context.cc:392] TryGetTrunkConfigPb failed
[2024-03-26 22:29:51.107] [global] [info] [app_context.cc:392] TryGetTrunkConfigPb failed
[2024-03-26 22:29:51.120] [global] [info] [app_context.cc:392] TryGetTrunkConfigPb failed
[2024-03-26 22:29:52.788] [global] [info] [app_context.cc:392] TryGetTrunkConfigPb failed
[2024-03-26 22:29:52.789] [global] [info] [app_context.cc:392] TryGetTrunkConfigPb failed
[2024-03-26 22:29:52.791] [global] [info] [app_context.cc:392] TryGetTrunkConfigPb failed
[2024-03-26 22:29:52.797] [global] [info] [app_context.cc:392] TryGetTrunkConfigPb failed
[2024-03-26 22:29:55.163] [global] [info] [app_context.cc:392] TryGetTrunkConfigPb failed
[2024-03-26 22:29:55.163] [global] [info] [app_context.cc:392] TryGetTrunkConfigPb failed
[2024-03-26 22:29:55.165] [global] [info] [app_context.cc:392] TryGetTrunkConfigPb failed
[2024-03-26 22:29:55.166] [global] [info] [app_context.cc:392] TryGetTrunkConfigPb failed
[2024-03-26 22:29:56.477] [global] [info] [app_context.cc:392] TryGetTrunkConfigPb failed
[2024-03-26 22:29:56.481] [global] [info] [app_context.cc:392] TryGetTrunkConfigPb failed
[2024-03-26 22:29:56.483] [global] [info] [app_context.cc:392] TryGetTrunkConfigPb failed
[2024-03-26 22:29:56.484] [global] [info] [app_context.cc:392] TryGetTrunkConfigPb failed
[2024-03-26 22:29:57.027] [global] [info] [app_context.cc:392] TryGetTrunkConfigPb failed
[2024-03-26 22:29:57.028] [global] [info] [app_context.cc:392] TryGetTrunkConfigPb failed
[2024-03-26 22:29:57.034] [global] [info] [app_context.cc:392] TryGetTrunkConfigPb failed
[2024-03-26 22:29:57.038] [global] [info] [app_context.cc:392] TryGetTrunkConfigPb failed
[2024-03-26 22:29:59.542] [global] [info] [app_context.cc:392] TryGetTrunkConfigPb failed
[2024-03-26 22:29:59.542] [global] [info] [app_context.cc:392] TryGetTrunkConfigPb failed
[2024-03-26 22:29:59.550] [global] [info] [app_context.cc:392] TryGetTrunkConfigPb failed
[2024-03-26 22:29:59.551] [global] [info] [app_context.cc:392] TryGetTrunkConfigPb failed
[2024-03-26 22:30:00.232] [global] [info] [app_context.cc:392] TryGetTrunkConfigPb failed
[2024-03-26 22:30:00.232] [global] [info] [app_context.cc:392] TryGetTrunkConfigPb failed
[2024-03-26 22:30:00.233] [global] [info] [app_context.cc:392] TryGetTrunkConfigPb failed
[2024-03-26 22:30:00.235] [global] [info] [app_context.cc:392] TryGetTrunkConfigPb failed
[2024-03-26 22:30:01.645] [global] [info] [app_context.cc:392] TryGetTrunkConfigPb failed
[2024-03-26 22:30:01.646] [global] [info] [app_context.cc:392] TryGetTrunkConfigPb failed
[2024-03-26 22:30:01.648] [global] [info] [app_context.cc:392] TryGetTrunkConfigPb failed
[2024-03-26 22:30:01.650] [global] [info] [app_context.cc:392] TryGetTrunkConfigPb failed
[2024-03-26 22:30:47.993] [global] [info] [app_context.cc:392] TryGetTrunkConfigPb failed
[2024-03-26 22:30:47.994] [global] [info] [app_context.cc:392] TryGetTrunkConfigPb failed
[2024-03-26 22:30:47.996] [global] [info] [app_context.cc:392] TryGetTrunkConfigPb failed
[2024-03-26 22:30:48.000] [global] [info] [app_context.cc:392] TryGetTrunkConfigPb failed
[2024-03-26 22:31:01.272] [global] [info] [app_context.cc:392] TryGetTrunkConfigPb failed
[2024-03-26 22:31:01.273] [global] [info] [app_context.cc:392] TryGetTrunkConfigPb failed
[2024-03-26 22:31:01.275] [global] [info] [app_context.cc:392] TryGetTrunkConfigPb failed
[2024-03-26 22:31:01.276] [global] [info] [app_context.cc:392] TryGetTrunkConfigPb failed
[2024-03-26 22:31:06.765] [global] [info] [app_context.cc:392] TryGetTrunkConfigPb failed
[2024-03-26 22:31:06.766] [global] [info] [app_context.cc:392] TryGetTrunkConfigPb failed
[2024-03-26 22:31:06.770] [global] [info] [app_context.cc:392] TryGetTrunkConfigPb failed
[2024-03-26 22:31:06.773] [global] [info] [app_context.cc:392] TryGetTrunkConfigPb failed
